#
# There is insufficient memory for the Java Runtime Environment to continue.
# Native memory allocation (mmap) failed to map 268435456 bytes for G1 virtual space
# Possible reasons:
#   The system is out of physical RAM or swap space
#   The process is running with CompressedOops enabled, and the Java Heap may be blocking the growth of the native heap
# Possible solutions:
#   Reduce memory load on the system
#   Increase physical memory or swap space
#   Check if swap backing store is full
#   Decrease Java heap size (-Xmx/-Xms)
#   Decrease number of Java threads
#   Decrease Java thread stack sizes (-Xss)
#   Set larger code cache with -XX:ReservedCodeCacheSize=
#   JVM is running with Zero Based Compressed Oops mode in which the Java heap is
#     placed in the first 32GB address space. The Java Heap base address is the
#     maximum limit for the native heap growth. Please use -XX:HeapBaseMinAddress
#     to set the Java Heap base and to place the Java Heap above 32GB virtual address.
# This output file may be truncated or incomplete.
#
#  Out of Memory Error (./open/src/hotspot/os/windows/os_windows.cpp:3321), pid=23488, tid=20020
#
# JRE version:  (15.0.2+7) (build )
# Java VM: OpenJDK 64-Bit Server VM (15.0.2+7-27, mixed mode, sharing, tiered, compressed oops, g1 gc, windows-amd64)
# No core dump will be written. Minidumps are not enabled by default on client versions of Windows
#

---------------  S U M M A R Y ------------

Command Line: -Dfile.encoding=Cp1250 -XX:+ShowCodeDetailsInExceptionMessages game.Main

Host: Intel(R) Core(TM) i7-9750H CPU @ 2.60GHz, 12 cores, 15G,  Windows 10 , 64 bit Build 19041 (10.0.19041.928)
Time: Tue May  4 21:20:48 2021 Œrodkowoeuropejski czas letni elapsed time: 0.019489 seconds (0d 0h 0m 0s)

---------------  T H R E A D  ---------------

Current thread (0x00000259cb1d09b0):  JavaThread "Unknown thread" [_thread_in_vm, id=20020, stack(0x0000009a84200000,0x0000009a84300000)]

Stack: [0x0000009a84200000,0x0000009a84300000]
Native frames: (J=compiled Java code, j=interpreted, Vv=VM code, C=native code)
V  [jvm.dll+0x62ae9a]
V  [jvm.dll+0x7817a9]
V  [jvm.dll+0x782f03]
V  [jvm.dll+0x783563]
V  [jvm.dll+0x216325]
V  [jvm.dll+0x6281d9]
V  [jvm.dll+0x61cf55]
V  [jvm.dll+0x2cffdd]
V  [jvm.dll+0x2cfe42]
V  [jvm.dll+0x2d5e1c]
V  [jvm.dll+0x32590a]
V  [jvm.dll+0x324fd4]
V  [jvm.dll+0x2a6f5a]
V  [jvm.dll+0x2a80f8]
V  [jvm.dll+0x75e241]
V  [jvm.dll+0x3341c4]
V  [jvm.dll+0x73e926]
V  [jvm.dll+0x3b7557]
V  [jvm.dll+0x3b8fe1]
C  [jli.dll+0x52fb]
C  [ucrtbase.dll+0x21bb2]
C  [KERNEL32.DLL+0x17034]
C  [ntdll.dll+0x52651]


---------------  P R O C E S S  ---------------

Threads class SMR info:
_java_thread_list=0x00007ffd5f1c4ff0, length=0, elements={
}

Java Threads: ( => current thread )

Other Threads:
  0x00000259cb221d40 GCTaskThread "GC Thread#0" [stack: 0x0000009a84300000,0x0000009a84400000] [id=24296]
  0x00000259cb234590 ConcurrentGCThread "G1 Main Marker" [stack: 0x0000009a84400000,0x0000009a84500000] [id=8532]
  0x00000259cb2360a0 ConcurrentGCThread "G1 Conc#0" [stack: 0x0000009a84500000,0x0000009a84600000] [id=24340]

[error occurred during error reporting (printing all threads), id 0xc0000005, EXCEPTION_ACCESS_VIOLATION (0xc0000005) at pc=0x00007ffd5e9b7e27]

VM state: not at safepoint (not fully initialized)

VM Mutex/Monitor currently owned by a thread:  ([mutex/lock_event])
[0x00000259cb1cbcf0] Heap_lock - owner thread: 0x00000259cb1d09b0

Heap address: 0x0000000701400000, size: 4076 MB, Compressed Oops mode: Zero based, Oop shift amount: 3
CDS archive(s) mapped at: [0x0000000000000000-0x0000000000000000-0x0000000000000000), size 0, SharedBaseAddress: 0x0000000800000000, ArchiveRelocationMode: 0.
Narrow klass base: 0x0000000000000000, Narrow klass shift: 0, Narrow klass range: 0x0

Heap:
 garbage-first heap   total 262144K, used 0K [0x0000000701400000, 0x0000000800000000)
  region size 2048K, 0 young (0K), 0 survivors (0K)
 Metaspace       used 0K, capacity 0K, committed 0K, reserved 0K
  class space    used 0K, capacity 0K, committed 0K, reserved 0K

Heap Regions: E=young(eden), S=young(survivor), O=old, HS=humongous(starts), HC=humongous(continues), CS=collection set, F=free, OA=open archive, CA=closed archive, TAMS=top-at-mark-start (previous, next)

Card table byte_map: [0x00000259de940000,0x00000259df140000] _byte_map_base: 0x00000259db136000

Marking Bits (Prev, Next): (CMBitMap*) 0x00000259cb2234d0, (CMBitMap*) 0x00000259cb223510
 Prev Bits: [0x00000259df940000, 0x00000259e38f0000)
 Next Bits: [0x00000259e38f0000, 0x00000259e78a0000)

GC Heap History (0 events):
No events

Deoptimization events (0 events):
No events

Classes unloaded (0 events):
No events

Classes redefined (0 events):
No events

Internal exceptions (0 events):
No events

Events (1 events):
Event: 0.005 Loaded shared library C:\Users\Krzyœ\.p2\pool\plugins\org.eclipse.justj.openjdk.hotspot.jre.full.win32.x86_64_15.0.2.v20210201-0955\jre\bin\java.dll


Dynamic libraries:
0x00007ff64ca10000 - 0x00007ff64ca1d000 	C:\Users\Krzyœ\.p2\pool\plugins\org.eclipse.justj.openjdk.hotspot.jre.full.win32.x86_64_15.0.2.v20210201-0955\jre\bin\javaw.exe
0x00007ffdb7b50000 - 0x00007ffdb7d45000 	C:\WINDOWS\SYSTEM32\ntdll.dll
0x00007ffdb5d70000 - 0x00007ffdb5e2d000 	C:\WINDOWS\System32\KERNEL32.DLL
0x00007ffdb5320000 - 0x00007ffdb55e8000 	C:\WINDOWS\System32\KERNELBASE.dll
0x00007ffdb5670000 - 0x00007ffdb5770000 	C:\WINDOWS\System32\ucrtbase.dll
0x00007ffdb0760000 - 0x00007ffdb0778000 	C:\Users\Krzyœ\.p2\pool\plugins\org.eclipse.justj.openjdk.hotspot.jre.full.win32.x86_64_15.0.2.v20210201-0955\jre\bin\jli.dll
0x00007ffda0f70000 - 0x00007ffda0f89000 	C:\Users\Krzyœ\.p2\pool\plugins\org.eclipse.justj.openjdk.hotspot.jre.full.win32.x86_64_15.0.2.v20210201-0955\jre\bin\VCRUNTIME140.dll
0x00007ffdb6230000 - 0x00007ffdb63d0000 	C:\WINDOWS\System32\USER32.dll
0x00007ffda69a0000 - 0x00007ffda6c3a000 	C:\WINDOWS\WinSxS\amd64_microsoft.windows.common-controls_6595b64144ccf1df_6.0.19041.844_none_ca00b6081b84eb1d\COMCTL32.dll
0x00007ffdb5a70000 - 0x00007ffdb5a92000 	C:\WINDOWS\System32\win32u.dll
0x00007ffdb5c60000 - 0x00007ffdb5cfe000 	C:\WINDOWS\System32\msvcrt.dll
0x00007ffdb61f0000 - 0x00007ffdb621a000 	C:\WINDOWS\System32\GDI32.dll
0x00007ffdb5aa0000 - 0x00007ffdb5bab000 	C:\WINDOWS\System32\gdi32full.dll
0x00007ffdb58d0000 - 0x00007ffdb596d000 	C:\WINDOWS\System32\msvcp_win.dll
0x00007ffdb61c0000 - 0x00007ffdb61f0000 	C:\WINDOWS\System32\IMM32.DLL
0x00007ffdb0630000 - 0x00007ffdb063c000 	C:\Users\Krzyœ\.p2\pool\plugins\org.eclipse.justj.openjdk.hotspot.jre.full.win32.x86_64_15.0.2.v20210201-0955\jre\bin\vcruntime140_1.dll
0x00007ffd94e60000 - 0x00007ffd94ef1000 	C:\Users\Krzyœ\.p2\pool\plugins\org.eclipse.justj.openjdk.hotspot.jre.full.win32.x86_64_15.0.2.v20210201-0955\jre\bin\msvcp140.dll
0x00007ffd5e700000 - 0x00007ffd5f25e000 	C:\Users\Krzyœ\.p2\pool\plugins\org.eclipse.justj.openjdk.hotspot.jre.full.win32.x86_64_15.0.2.v20210201-0955\jre\bin\server\jvm.dll
0x00007ffdb6930000 - 0x00007ffdb69dc000 	C:\WINDOWS\System32\ADVAPI32.dll
0x00007ffdb67f0000 - 0x00007ffdb688b000 	C:\WINDOWS\System32\sechost.dll
0x00007ffdb6090000 - 0x00007ffdb61bb000 	C:\WINDOWS\System32\RPCRT4.dll
0x00007ffdb6080000 - 0x00007ffdb6088000 	C:\WINDOWS\System32\PSAPI.DLL
0x00007ffda0c40000 - 0x00007ffda0c49000 	C:\WINDOWS\SYSTEM32\WSOCK32.dll
0x00007ffdaa4b0000 - 0x00007ffdaa4d7000 	C:\WINDOWS\SYSTEM32\WINMM.dll
0x00007ffdab450000 - 0x00007ffdab45a000 	C:\WINDOWS\SYSTEM32\VERSION.dll
0x00007ffdb7300000 - 0x00007ffdb736b000 	C:\WINDOWS\System32\WS2_32.dll
0x00007ffdb33b0000 - 0x00007ffdb33c2000 	C:\WINDOWS\SYSTEM32\kernel.appcore.dll
0x00007ffda09e0000 - 0x00007ffda09ea000 	C:\Users\Krzyœ\.p2\pool\plugins\org.eclipse.justj.openjdk.hotspot.jre.full.win32.x86_64_15.0.2.v20210201-0955\jre\bin\jimage.dll
0x00007ffdb2d40000 - 0x00007ffdb2f24000 	C:\WINDOWS\SYSTEM32\DBGHELP.DLL
0x00007ffda6240000 - 0x00007ffda626c000 	C:\WINDOWS\SYSTEM32\dbgcore.DLL
0x00007ffdb55f0000 - 0x00007ffdb5670000 	C:\WINDOWS\System32\bcryptPrimitives.dll
0x00007ffd96ab0000 - 0x00007ffd96ad5000 	C:\Users\Krzyœ\.p2\pool\plugins\org.eclipse.justj.openjdk.hotspot.jre.full.win32.x86_64_15.0.2.v20210201-0955\jre\bin\java.dll

dbghelp: loaded successfully - version: 4.0.5 - missing functions: none
symbol engine: initialized successfully - sym options: 0x614 - pdb path: .;C:\Users\Krzyœ\.p2\pool\plugins\org.eclipse.justj.openjdk.hotspot.jre.full.win32.x86_64_15.0.2.v20210201-0955\jre\bin;C:\WINDOWS\SYSTEM32;C:\WINDOWS\WinSxS\amd64_microsoft.windows.common-controls_6595b64144ccf1df_6.0.19041.844_none_ca00b6081b84eb1d;C:\Users\Krzyœ\.p2\pool\plugins\org.eclipse.justj.openjdk.hotspot.jre.full.win32.x86_64_15.0.2.v20210201-0955\jre\bin\server

VM Arguments:
jvm_args: -Dfile.encoding=Cp1250 -XX:+ShowCodeDetailsInExceptionMessages 
java_command: game.Main
java_class_path (initial): F:\Documents\Programowanie\Java\Tanks\bin
Launcher Type: SUN_STANDARD

[Global flags]
     intx CICompilerCount                          = 4                                         {product} {ergonomic}
     uint ConcGCThreads                            = 3                                         {product} {ergonomic}
     uint G1ConcRefinementThreads                  = 10                                        {product} {ergonomic}
   size_t G1HeapRegionSize                         = 2097152                                   {product} {ergonomic}
    uintx GCDrainStackTargetSize                   = 64                                        {product} {ergonomic}
   size_t InitialHeapSize                          = 268435456                                 {product} {ergonomic}
   size_t MarkStackSize                            = 4194304                                   {product} {ergonomic}
   size_t MaxHeapSize                              = 4273995776                                {product} {ergonomic}
   size_t MinHeapDeltaBytes                        = 2097152                                   {product} {ergonomic}
   size_t MinHeapSize                              = 8388608                                   {product} {ergonomic}
    uintx NonNMethodCodeHeapSize                   = 5839372                                {pd product} {ergonomic}
    uintx NonProfiledCodeHeapSize                  = 122909434                              {pd product} {ergonomic}
    uintx ProfiledCodeHeapSize                     = 122909434                              {pd product} {ergonomic}
    uintx ReservedCodeCacheSize                    = 251658240                              {pd product} {ergonomic}
     bool SegmentedCodeCache                       = true                                      {product} {ergonomic}
     bool ShowCodeDetailsInExceptionMessages       = true                                   {manageable} {command line}
   size_t SoftMaxHeapSize                          = 4273995776                             {manageable} {ergonomic}
     bool UseCompressedClassPointers               = true                                 {lp64_product} {ergonomic}
     bool UseCompressedOops                        = true                                 {lp64_product} {ergonomic}
     bool UseG1GC                                  = true                                      {product} {ergonomic}
     bool UseLargePagesIndividualAllocation        = false                                  {pd product} {ergonomic}

Logging:
Log output configuration:
 #0: stdout all=warning uptime,level,tags
 #1: stderr all=off uptime,level,tags

Environment Variables:
PATH=C:/Users/Krzyœ/.p2/pool/plugins/org.eclipse.justj.openjdk.hotspot.jre.full.win32.x86_64_15.0.2.v20210201-0955/jre/bin/server;C:/Users/Krzyœ/.p2/pool/plugins/org.eclipse.justj.openjdk.hotspot.jre.full.win32.x86_64_15.0.2.v20210201-0955/jre/bin;C:\Program Files (x86)\Razer Chroma SDK\bin;C:\Program Files\Razer Chroma SDK\bin;C:\Program Files (x86)\Razer\ChromaBroadcast\bin;C:\Program Files\Razer\ChromaBroadcast\bin;C:\Windows\system32;C:\Windows;C:\Windows\System32\Wbem;C:\Windows\System32\WindowsPowerShell\v1.0\;C:\Windows\System32\OpenSSH\;C:\Windows\system32\config\systemprofile\AppData\Local\Microsoft\WindowsApps;C:\Program Files (x86)\NVIDIA Corporation\PhysX\Common;C:\Users\Krzyœ\AppData\Local\Microsoft\WindowsApps;E:\Program filles\Git\cmd;C:\WINDOWS\system32;C:\WINDOWS;C:\WINDOWS\System32\Wbem;C:\WINDOWS\System32\WindowsPowerShell\v1.0\;C:\WINDOWS\System32\OpenSSH\;C:\Users\Krzyœ\AppData\Local\Microsoft\WindowsApps;;C:\Users\Krzyœ\Desktop;
USERNAME=Krzyœ
OS=Windows_NT
PROCESSOR_IDENTIFIER=Intel64 Family 6 Model 158 Stepping 10, GenuineIntel



---------------  S Y S T E M  ---------------

OS:
 Windows 10 , 64 bit Build 19041 (10.0.19041.928)
OS uptime: 0 days 6:09 hours

CPU: total 12 (initial active 12) (6 cores per cpu, 2 threads per core) family 6 model 158 stepping 10 microcode 0xb4, cmov, cx8, fxsr, mmx, sse, sse2, sse3, ssse3, sse4.1, sse4.2, popcnt, vzeroupper, avx, avx2, aes, clmul, erms, 3dnowpref, lzcnt, ht, tsc, tscinvbit, bmi1, bmi2, adx, fma, clflush, clflushopt

Memory: 4k page, system-wide physical 16303M (5774M free)
TotalPageFile size 39327M (AvailPageFile size 46M)
current process WorkingSet (physical memory assigned to process): 10M, peak: 10M
current process commit charge ("private bytes"): 64M, peak: 320M

vm_info: OpenJDK 64-Bit Server VM (15.0.2+7-27) for windows-amd64 JRE (15.0.2+7-27), built on Dec  7 2020 20:02:38 by "mach5one" with unknown MS VC++:1925

END.
